Using pre-set license
Built from '2020.3/staging' branch; Version is '2020.3.20f1 (41c4e627c95f) revision 4310246'; Using compiler version '192528614'; Build Type 'Release'
OS: 'Windows 10 Home Single Language; OS build 19043.1237; Version 2009; 64bit' Language: 'en' Physical Memory: 6058 MB
BatchMode: 1, IsHumanControllingUs: 0, StartBugReporterOnCrash: 0, Is64bit: 1, IsPro: 0

COMMAND LINE ARGUMENTS:
C:\Program Files\Unity\Hub\Editor\2020.3.20f1\Editor\Unity.exe
-adb2
-batchMode
-noUpm
-name
AssetImportWorker0
-projectPath
D:/CODING/Archery-Game
-logFile
Logs/AssetImportWorker0.log
-srvPort
57154
Successfully changed project path to: D:/CODING/Archery-Game
D:/CODING/Archery-Game
Using Asset Import Pipeline V2.
Refreshing native plugins compatible for Editor in 95.43 ms, found 3 plugins.
Preloading 0 native plugins for Editor in 0.00 ms.
Initialize engine version: 2020.3.20f1 (41c4e627c95f)
[Subsystems] Discovering subsystems at path C:/Program Files/Unity/Hub/Editor/2020.3.20f1/Editor/Data/Resources/UnitySubsystems
[Subsystems] Discovering subsystems at path D:/CODING/Archery-Game/Assets
GfxDevice: creating device client; threaded=0
Direct3D:
    Version:  Direct3D 11.0 [level 11.1]
    Renderer: AMD Radeon(TM) Vega 8 Graphics (ID=0x15d8)
    Vendor:   
    VRAM:     3029 MB
    Driver:   27.20.15002.118
Initialize mono
Mono path[0] = 'C:/Program Files/Unity/Hub/Editor/2020.3.20f1/Editor/Data/Managed'
Mono path[1] = 'C:/Program Files/Unity/Hub/Editor/2020.3.20f1/Editor/Data/MonoBleedingEdge/lib/mono/unityjit'
Mono config path = 'C:/Program Files/Unity/Hub/Editor/2020.3.20f1/Editor/Data/MonoBleedingEdge/etc'
Using monoOptions --debugger-agent=transport=dt_socket,embedding=1,server=y,suspend=n,address=127.0.0.1:56344
Begin MonoManager ReloadAssembly
Registering precompiled unity dll's ...
Register platform support module: C:/Program Files/Unity/Hub/Editor/2020.3.20f1/Editor/Data/PlaybackEngines/WebGLSupport/UnityEditor.WebGL.Extensions.dll
Register platform support module: C:/Program Files/Unity/Hub/Editor/2020.3.20f1/Editor/Data/PlaybackEngines/WindowsStandaloneSupport/UnityEditor.WindowsStandalone.Extensions.dll
Registered in 0.006301 seconds.
Native extension for WindowsStandalone target not found
Native extension for WebGL target not found
Refreshing native plugins compatible for Editor in 135.26 ms, found 3 plugins.
Preloading 0 native plugins for Editor in 0.00 ms.
Mono: successfully reloaded assembly
- Completed reload, in  5.926 seconds
Domain Reload Profiling:
	ReloadAssembly (5927ms)
		BeginReloadAssembly (204ms)
			ExecutionOrderSort (0ms)
			DisableScriptedObjects (0ms)
			BackupInstance (0ms)
			ReleaseScriptingObjects (0ms)
			CreateAndSetChildDomain (3ms)
		EndReloadAssembly (1119ms)
			LoadAssemblies (195ms)
			RebuildTransferFunctionScriptingTraits (0ms)
			SetupTypeCache (326ms)
			ReleaseScriptCaches (0ms)
			RebuildScriptCaches (93ms)
			SetupLoadedEditorAssemblies (537ms)
				LogAssemblyErrors (0ms)
				InitializePlatformSupportModulesInManaged (15ms)
				SetLoadedEditorAssemblies (1ms)
				RefreshPlugins (136ms)
				BeforeProcessingInitializeOnLoad (39ms)
				ProcessInitializeOnLoadAttributes (257ms)
				ProcessInitializeOnLoadMethodAttributes (89ms)
				AfterProcessingInitializeOnLoad (0ms)
				EditorAssembliesLoaded (1ms)
			ExecutionOrderSort2 (0ms)
			AwakeInstancesAfterBackupRestoration (0ms)
Platform modules already initialized, skipping
Registering precompiled user dll's ...
Registered in 0.007560 seconds.
Begin MonoManager ReloadAssembly
Native extension for WindowsStandalone target not found
Native extension for WebGL target not found
Refreshing native plugins compatible for Editor in 92.23 ms, found 3 plugins.
Preloading 0 native plugins for Editor in 0.00 ms.
Mono: successfully reloaded assembly
- Completed reload, in  2.607 seconds
Domain Reload Profiling:
	ReloadAssembly (2609ms)
		BeginReloadAssembly (380ms)
			ExecutionOrderSort (0ms)
			DisableScriptedObjects (10ms)
			BackupInstance (0ms)
			ReleaseScriptingObjects (0ms)
			CreateAndSetChildDomain (68ms)
		EndReloadAssembly (2080ms)
			LoadAssemblies (256ms)
			RebuildTransferFunctionScriptingTraits (0ms)
			SetupTypeCache (720ms)
			ReleaseScriptCaches (1ms)
			RebuildScriptCaches (100ms)
			SetupLoadedEditorAssemblies (759ms)
				LogAssemblyErrors (0ms)
				InitializePlatformSupportModulesInManaged (11ms)
				SetLoadedEditorAssemblies (0ms)
				RefreshPlugins (92ms)
				BeforeProcessingInitializeOnLoad (157ms)
				ProcessInitializeOnLoadAttributes (447ms)
				ProcessInitializeOnLoadMethodAttributes (31ms)
				AfterProcessingInitializeOnLoad (18ms)
				EditorAssembliesLoaded (1ms)
			ExecutionOrderSort2 (0ms)
			AwakeInstancesAfterBackupRestoration (19ms)
Platform modules already initialized, skipping
========================================================================
Worker process is ready to serve import requests
Launched and connected shader compiler UnityShaderCompiler.exe after 0.11 seconds
Refreshing native plugins compatible for Editor in 1.70 ms, found 3 plugins.
Preloading 0 native plugins for Editor in 0.00 ms.
Unloading 2121 Unused Serialized files (Serialized files now loaded: 0)
System memory in use before: 95.9 MB.
System memory in use after: 96.0 MB.

Unloading 26 unused Assets to reduce memory usage. Loaded Objects now: 2563.
Total: 7.415100 ms (FindLiveObjects: 0.580300 ms CreateObjectMapping: 0.147300 ms MarkObjects: 6.496500 ms  DeleteObjects: 0.186900 ms)

AssetImportParameters requested are different than current active one (requested -> active):
  custom:framework-win-MediaFoundation: 216162199b28c13a410421893ffa2e32 -> 
  custom:video-decoder-ogg-theora: a1e56fd34408186e4bbccfd4996cb3dc -> 
  custom:container-muxer-webm: aa71ff27fc2769a1b78a27578f13a17b -> 
  custom:container-demuxer-webm: 4f35f7cbe854078d1ac9338744f61a02 -> 
  custom:container-demuxer-ogg: 62fdf1f143b41e24485cea50d1cbac27 -> 
  custom:video-encoder-webm-vp8: eb34c28f22e8b96e1ab97ce403110664 -> 
  custom:video-decoder-webm-vp8: 9c59270c3fd7afecdb556c50c9e8de78 -> 
  custom:audio-decoder-ogg-vorbis: bf7c407c2cedff20999df2af8eb42d56 -> 
  custom:audio-encoder-webm-vorbis: bf7c407c2cedff20999df2af8eb42d56 -> 
========================================================================
Received Import Request.
  path: Assets/Scenes/Level 6.unity
  artifactKey: Guid(fa0718021aeba014188f01c6d483568a) Importer(815301076,1909f56bfc062723c751e8b465ee728b)
Start importing Assets/Scenes/Level 6.unity using Guid(fa0718021aeba014188f01c6d483568a) Importer(815301076,1909f56bfc062723c751e8b465ee728b)  -> (artifact id: '9f6acdbb8f3927275675260b789e161f') in 0.139211 seconds 
  Import took 0.170041 seconds .

========================================================================
Received Import Request.
  Time since last request: 77.520706 seconds.
  path: Assets/Scenes/Level 7.unity
  artifactKey: Guid(e3d3e0ffe2f2fde4c869df580f7c87de) Importer(815301076,1909f56bfc062723c751e8b465ee728b)
Start importing Assets/Scenes/Level 7.unity using Guid(e3d3e0ffe2f2fde4c869df580f7c87de) Importer(815301076,1909f56bfc062723c751e8b465ee728b)  -> (artifact id: '4b8206d098d8abe9c188c74adb5642b5') in 0.006671 seconds 
  Import took 0.372812 seconds .

========================================================================
Received Import Request.
  Time since last request: 5.159536 seconds.
  path: Assets/Scenes/Level 5.unity
  artifactKey: Guid(dd147e0aeedffb24182be3fb62320def) Importer(815301076,1909f56bfc062723c751e8b465ee728b)
Start importing Assets/Scenes/Level 5.unity using Guid(dd147e0aeedffb24182be3fb62320def) Importer(815301076,1909f56bfc062723c751e8b465ee728b)  -> (artifact id: '51c2670eca8b878224e817764b0574f9') in 0.007859 seconds 
  Import took 0.163620 seconds .

========================================================================
Received Import Request.
  Time since last request: 128.500911 seconds.
  path: Assets/Scenes/Inst 6.unity
  artifactKey: Guid(68ff71d88a5aa734bb9721a383c928e8) Importer(815301076,1909f56bfc062723c751e8b465ee728b)
Start importing Assets/Scenes/Inst 6.unity using Guid(68ff71d88a5aa734bb9721a383c928e8) Importer(815301076,1909f56bfc062723c751e8b465ee728b)  -> (artifact id: '8911591c25f559a06000ce71393ca131') in 0.007040 seconds 
  Import took 0.125466 seconds .

========================================================================
Received Prepare
Registering precompiled user dll's ...
Registered in 0.006545 seconds.
Begin MonoManager ReloadAssembly
Native extension for WindowsStandalone target not found
Native extension for WebGL target not found
Refreshing native plugins compatible for Editor in 1.98 ms, found 3 plugins.
Preloading 0 native plugins for Editor in 0.00 ms.
Mono: successfully reloaded assembly
- Completed reload, in  2.472 seconds
Domain Reload Profiling:
	ReloadAssembly (2473ms)
		BeginReloadAssembly (268ms)
			ExecutionOrderSort (0ms)
			DisableScriptedObjects (18ms)
			BackupInstance (0ms)
			ReleaseScriptingObjects (0ms)
			CreateAndSetChildDomain (87ms)
		EndReloadAssembly (2030ms)
			LoadAssemblies (223ms)
			RebuildTransferFunctionScriptingTraits (0ms)
			SetupTypeCache (771ms)
			ReleaseScriptCaches (2ms)
			RebuildScriptCaches (85ms)
			SetupLoadedEditorAssemblies (725ms)
				LogAssemblyErrors (0ms)
				InitializePlatformSupportModulesInManaged (14ms)
				SetLoadedEditorAssemblies (1ms)
				RefreshPlugins (2ms)
				BeforeProcessingInitializeOnLoad (180ms)
				ProcessInitializeOnLoadAttributes (496ms)
				ProcessInitializeOnLoadMethodAttributes (13ms)
				AfterProcessingInitializeOnLoad (17ms)
				EditorAssembliesLoaded (0ms)
			ExecutionOrderSort2 (0ms)
			AwakeInstancesAfterBackupRestoration (25ms)
Platform modules already initialized, skipping
Switching build target platform(19) subTarget(0) extendedPlatform(0) -> platform(13) subTarget(537395200) extendedPlatform(0)
Refreshing native plugins compatible for Editor in 1.22 ms, found 3 plugins.
Preloading 0 native plugins for Editor in 0.00 ms.
Unloading 2101 Unused Serialized files (Serialized files now loaded: 0)
System memory in use before: 94.0 MB.
System memory in use after: 94.1 MB.

Unloading 14 unused Assets to reduce memory usage. Loaded Objects now: 2566.
Total: 7.154200 ms (FindLiveObjects: 0.619300 ms CreateObjectMapping: 0.152000 ms MarkObjects: 6.334900 ms  DeleteObjects: 0.044200 ms)

AssetImportParameters requested are different than current active one (requested -> active):
  custom:framework-win-MediaFoundation: 216162199b28c13a410421893ffa2e32 -> 
  custom:video-decoder-ogg-theora: a1e56fd34408186e4bbccfd4996cb3dc -> 
  custom:container-muxer-webm: aa71ff27fc2769a1b78a27578f13a17b -> 
  custom:container-demuxer-webm: 4f35f7cbe854078d1ac9338744f61a02 -> 
  custom:container-demuxer-ogg: 62fdf1f143b41e24485cea50d1cbac27 -> 
  custom:video-encoder-webm-vp8: eb34c28f22e8b96e1ab97ce403110664 -> 
  custom:video-decoder-webm-vp8: 9c59270c3fd7afecdb556c50c9e8de78 -> 
  custom:graphics/normal-map-encoding: 01000000000000000000000000000000 -> 02000000000000000000000000000000
  custom:audio-decoder-ogg-vorbis: bf7c407c2cedff20999df2af8eb42d56 -> 
  custom:audio-encoder-webm-vorbis: bf7c407c2cedff20999df2af8eb42d56 -> 
========================================================================
Received Import Request.
  Time since last request: 281.450623 seconds.
  path: Assets/Scenes/Level 8.unity
  artifactKey: Guid(51dea7b99ee4e3b459ace3c8061fb8af) Importer(815301076,1909f56bfc062723c751e8b465ee728b)
Start importing Assets/Scenes/Level 8.unity using Guid(51dea7b99ee4e3b459ace3c8061fb8af) Importer(815301076,1909f56bfc062723c751e8b465ee728b)  -> (artifact id: '158d5222ca08f9a127fa641cb4423022') in 0.032414 seconds 
  Import took 0.159416 seconds .

========================================================================
Received Import Request.
  Time since last request: 3.177347 seconds.
  path: Assets/Scenes/Level 9.unity
  artifactKey: Guid(4df0ba1a784737c4db50fde625125375) Importer(815301076,1909f56bfc062723c751e8b465ee728b)
Start importing Assets/Scenes/Level 9.unity using Guid(4df0ba1a784737c4db50fde625125375) Importer(815301076,1909f56bfc062723c751e8b465ee728b)  -> (artifact id: 'c0109a054a5da4cc8386efe90745fb8c') in 0.006701 seconds 
  Import took 0.134593 seconds .

========================================================================
Received Import Request.
  Time since last request: 3.357109 seconds.
  path: Assets/Scenes/Level 10.unity
  artifactKey: Guid(1f8d5a656adc58d4f9f35199fc4b3f18) Importer(815301076,1909f56bfc062723c751e8b465ee728b)
Start importing Assets/Scenes/Level 10.unity using Guid(1f8d5a656adc58d4f9f35199fc4b3f18) Importer(815301076,1909f56bfc062723c751e8b465ee728b)  -> (artifact id: '767c4bca263a62d6f44bc7e2bfc40058') in 0.007903 seconds 
  Import took 0.140716 seconds .

========================================================================
Received Import Request.
  Time since last request: 5.687117 seconds.
  path: Assets/Scenes/Level 1.unity
  artifactKey: Guid(2cda990e2423bbf4892e6590ba056729) Importer(815301076,1909f56bfc062723c751e8b465ee728b)
Start importing Assets/Scenes/Level 1.unity using Guid(2cda990e2423bbf4892e6590ba056729) Importer(815301076,1909f56bfc062723c751e8b465ee728b)  -> (artifact id: 'e0057653a7c5b2a9f2110d4f34e226e9') in 0.006267 seconds 
  Import took 0.133659 seconds .

========================================================================
Received Import Request.
  Time since last request: 82.429862 seconds.
  path: Assets/Scenes/Arrow1.prefab
  artifactKey: Guid(44600c9a720d7b246a0bc8625c1dfe31) Importer(815301076,1909f56bfc062723c751e8b465ee728b)
Start importing Assets/Scenes/Arrow1.prefab using Guid(44600c9a720d7b246a0bc8625c1dfe31) Importer(815301076,1909f56bfc062723c751e8b465ee728b)  -> (artifact id: '42415526cbf8173da777895f32aecf47') in 0.256389 seconds 
  Import took 0.268439 seconds .

========================================================================
Received Prepare
Registering precompiled user dll's ...
Registered in 0.005880 seconds.
Begin MonoManager ReloadAssembly
Native extension for WindowsStandalone target not found
Native extension for WebGL target not found
Refreshing native plugins compatible for Editor in 1.54 ms, found 3 plugins.
Preloading 0 native plugins for Editor in 0.00 ms.
Mono: successfully reloaded assembly
- Completed reload, in  2.356 seconds
Domain Reload Profiling:
	ReloadAssembly (2357ms)
		BeginReloadAssembly (245ms)
			ExecutionOrderSort (0ms)
			DisableScriptedObjects (15ms)
			BackupInstance (0ms)
			ReleaseScriptingObjects (0ms)
			CreateAndSetChildDomain (87ms)
		EndReloadAssembly (1954ms)
			LoadAssemblies (203ms)
			RebuildTransferFunctionScriptingTraits (0ms)
			SetupTypeCache (662ms)
			ReleaseScriptCaches (2ms)
			RebuildScriptCaches (91ms)
			SetupLoadedEditorAssemblies (723ms)
				LogAssemblyErrors (0ms)
				InitializePlatformSupportModulesInManaged (15ms)
				SetLoadedEditorAssemblies (1ms)
				RefreshPlugins (2ms)
				BeforeProcessingInitializeOnLoad (180ms)
				ProcessInitializeOnLoadAttributes (496ms)
				ProcessInitializeOnLoadMethodAttributes (12ms)
				AfterProcessingInitializeOnLoad (17ms)
				EditorAssembliesLoaded (0ms)
			ExecutionOrderSort2 (0ms)
			AwakeInstancesAfterBackupRestoration (25ms)
Platform modules already initialized, skipping
Switching build target platform(19) subTarget(0) extendedPlatform(0) -> platform(13) subTarget(537395200) extendedPlatform(0)
Refreshing native plugins compatible for Editor in 2.20 ms, found 3 plugins.
Preloading 0 native plugins for Editor in 0.00 ms.
Unloading 2101 Unused Serialized files (Serialized files now loaded: 0)
System memory in use before: 97.0 MB.
System memory in use after: 97.1 MB.

Unloading 14 unused Assets to reduce memory usage. Loaded Objects now: 2576.
Total: 9.119100 ms (FindLiveObjects: 0.966500 ms CreateObjectMapping: 0.316900 ms MarkObjects: 7.786200 ms  DeleteObjects: 0.045400 ms)

AssetImportParameters requested are different than current active one (requested -> active):
  custom:framework-win-MediaFoundation: 216162199b28c13a410421893ffa2e32 -> 
  custom:video-decoder-ogg-theora: a1e56fd34408186e4bbccfd4996cb3dc -> 
  custom:container-muxer-webm: aa71ff27fc2769a1b78a27578f13a17b -> 
  custom:container-demuxer-webm: 4f35f7cbe854078d1ac9338744f61a02 -> 
  custom:container-demuxer-ogg: 62fdf1f143b41e24485cea50d1cbac27 -> 
  custom:video-encoder-webm-vp8: eb34c28f22e8b96e1ab97ce403110664 -> 
  custom:video-decoder-webm-vp8: 9c59270c3fd7afecdb556c50c9e8de78 -> 
  custom:graphics/normal-map-encoding: 01000000000000000000000000000000 -> 02000000000000000000000000000000
  custom:audio-decoder-ogg-vorbis: bf7c407c2cedff20999df2af8eb42d56 -> 
  custom:audio-encoder-webm-vorbis: bf7c407c2cedff20999df2af8eb42d56 -> 
========================================================================
Received Prepare
Registering precompiled user dll's ...
Registered in 0.007749 seconds.
Begin MonoManager ReloadAssembly
Native extension for WindowsStandalone target not found
Native extension for WebGL target not found
Refreshing native plugins compatible for Editor in 1.25 ms, found 3 plugins.
Preloading 0 native plugins for Editor in 0.00 ms.
Mono: successfully reloaded assembly
- Completed reload, in  2.358 seconds
Domain Reload Profiling:
	ReloadAssembly (2359ms)
		BeginReloadAssembly (260ms)
			ExecutionOrderSort (0ms)
			DisableScriptedObjects (18ms)
			BackupInstance (0ms)
			ReleaseScriptingObjects (0ms)
			CreateAndSetChildDomain (84ms)
		EndReloadAssembly (1936ms)
			LoadAssemblies (203ms)
			RebuildTransferFunctionScriptingTraits (0ms)
			SetupTypeCache (643ms)
			ReleaseScriptCaches (3ms)
			RebuildScriptCaches (118ms)
			SetupLoadedEditorAssemblies (693ms)
				LogAssemblyErrors (0ms)
				InitializePlatformSupportModulesInManaged (13ms)
				SetLoadedEditorAssemblies (1ms)
				RefreshPlugins (1ms)
				BeforeProcessingInitializeOnLoad (198ms)
				ProcessInitializeOnLoadAttributes (443ms)
				ProcessInitializeOnLoadMethodAttributes (16ms)
				AfterProcessingInitializeOnLoad (21ms)
				EditorAssembliesLoaded (0ms)
			ExecutionOrderSort2 (0ms)
			AwakeInstancesAfterBackupRestoration (24ms)
Platform modules already initialized, skipping
Switching build target platform(19) subTarget(0) extendedPlatform(0) -> platform(13) subTarget(537395200) extendedPlatform(0)
Refreshing native plugins compatible for Editor in 1.70 ms, found 3 plugins.
Preloading 0 native plugins for Editor in 0.00 ms.
Unloading 2101 Unused Serialized files (Serialized files now loaded: 0)
System memory in use before: 97.0 MB.
System memory in use after: 97.1 MB.

Unloading 14 unused Assets to reduce memory usage. Loaded Objects now: 2579.
Total: 7.239600 ms (FindLiveObjects: 0.580600 ms CreateObjectMapping: 0.104000 ms MarkObjects: 6.495900 ms  DeleteObjects: 0.054700 ms)

AssetImportParameters requested are different than current active one (requested -> active):
  custom:framework-win-MediaFoundation: 216162199b28c13a410421893ffa2e32 -> 
  custom:video-decoder-ogg-theora: a1e56fd34408186e4bbccfd4996cb3dc -> 
  custom:container-muxer-webm: aa71ff27fc2769a1b78a27578f13a17b -> 
  custom:container-demuxer-webm: 4f35f7cbe854078d1ac9338744f61a02 -> 
  custom:container-demuxer-ogg: 62fdf1f143b41e24485cea50d1cbac27 -> 
  custom:video-encoder-webm-vp8: eb34c28f22e8b96e1ab97ce403110664 -> 
  custom:video-decoder-webm-vp8: 9c59270c3fd7afecdb556c50c9e8de78 -> 
  custom:graphics/normal-map-encoding: 01000000000000000000000000000000 -> 02000000000000000000000000000000
  custom:audio-decoder-ogg-vorbis: bf7c407c2cedff20999df2af8eb42d56 -> 
  custom:audio-encoder-webm-vorbis: bf7c407c2cedff20999df2af8eb42d56 -> 
========================================================================
Received Prepare
Registering precompiled user dll's ...
Registered in 0.005134 seconds.
Begin MonoManager ReloadAssembly
Native extension for WindowsStandalone target not found
Native extension for WebGL target not found
Refreshing native plugins compatible for Editor in 1.26 ms, found 3 plugins.
Preloading 0 native plugins for Editor in 0.00 ms.
Mono: successfully reloaded assembly
- Completed reload, in  2.379 seconds
Domain Reload Profiling:
	ReloadAssembly (2380ms)
		BeginReloadAssembly (254ms)
			ExecutionOrderSort (0ms)
			DisableScriptedObjects (15ms)
			BackupInstance (0ms)
			ReleaseScriptingObjects (0ms)
			CreateAndSetChildDomain (93ms)
		EndReloadAssembly (1972ms)
			LoadAssemblies (198ms)
			RebuildTransferFunctionScriptingTraits (0ms)
			SetupTypeCache (625ms)
			ReleaseScriptCaches (2ms)
			RebuildScriptCaches (107ms)
			SetupLoadedEditorAssemblies (713ms)
				LogAssemblyErrors (0ms)
				InitializePlatformSupportModulesInManaged (12ms)
				SetLoadedEditorAssemblies (3ms)
				RefreshPlugins (2ms)
				BeforeProcessingInitializeOnLoad (202ms)
				ProcessInitializeOnLoadAttributes (461ms)
				ProcessInitializeOnLoadMethodAttributes (15ms)
				AfterProcessingInitializeOnLoad (18ms)
				EditorAssembliesLoaded (0ms)
			ExecutionOrderSort2 (0ms)
			AwakeInstancesAfterBackupRestoration (29ms)
Platform modules already initialized, skipping
Switching build target platform(19) subTarget(0) extendedPlatform(0) -> platform(13) subTarget(537395200) extendedPlatform(0)
Refreshing native plugins compatible for Editor in 1.21 ms, found 3 plugins.
Preloading 0 native plugins for Editor in 0.00 ms.
Unloading 2101 Unused Serialized files (Serialized files now loaded: 0)
System memory in use before: 97.0 MB.
System memory in use after: 97.2 MB.

Unloading 14 unused Assets to reduce memory usage. Loaded Objects now: 2582.
Total: 9.277200 ms (FindLiveObjects: 0.691600 ms CreateObjectMapping: 0.109700 ms MarkObjects: 8.416400 ms  DeleteObjects: 0.055100 ms)

AssetImportParameters requested are different than current active one (requested -> active):
  custom:framework-win-MediaFoundation: 216162199b28c13a410421893ffa2e32 -> 
  custom:video-decoder-ogg-theora: a1e56fd34408186e4bbccfd4996cb3dc -> 
  custom:container-muxer-webm: aa71ff27fc2769a1b78a27578f13a17b -> 
  custom:container-demuxer-webm: 4f35f7cbe854078d1ac9338744f61a02 -> 
  custom:container-demuxer-ogg: 62fdf1f143b41e24485cea50d1cbac27 -> 
  custom:video-encoder-webm-vp8: eb34c28f22e8b96e1ab97ce403110664 -> 
  custom:video-decoder-webm-vp8: 9c59270c3fd7afecdb556c50c9e8de78 -> 
  custom:graphics/normal-map-encoding: 01000000000000000000000000000000 -> 02000000000000000000000000000000
  custom:audio-decoder-ogg-vorbis: bf7c407c2cedff20999df2af8eb42d56 -> 
  custom:audio-encoder-webm-vorbis: bf7c407c2cedff20999df2af8eb42d56 -> 
========================================================================
Received Prepare
Registering precompiled user dll's ...
Registered in 0.007831 seconds.
Begin MonoManager ReloadAssembly
Native extension for WindowsStandalone target not found
Native extension for WebGL target not found
Refreshing native plugins compatible for Editor in 1.91 ms, found 3 plugins.
Preloading 0 native plugins for Editor in 0.00 ms.
Mono: successfully reloaded assembly
- Completed reload, in  2.425 seconds
Domain Reload Profiling:
	ReloadAssembly (2426ms)
		BeginReloadAssembly (245ms)
			ExecutionOrderSort (0ms)
			DisableScriptedObjects (16ms)
			BackupInstance (0ms)
			ReleaseScriptingObjects (0ms)
			CreateAndSetChildDomain (83ms)
		EndReloadAssembly (2036ms)
			LoadAssemblies (204ms)
			RebuildTransferFunctionScriptingTraits (0ms)
			SetupTypeCache (643ms)
			ReleaseScriptCaches (7ms)
			RebuildScriptCaches (121ms)
			SetupLoadedEditorAssemblies (710ms)
				LogAssemblyErrors (0ms)
				InitializePlatformSupportModulesInManaged (16ms)
				SetLoadedEditorAssemblies (1ms)
				RefreshPlugins (2ms)
				BeforeProcessingInitializeOnLoad (229ms)
				ProcessInitializeOnLoadAttributes (426ms)
				ProcessInitializeOnLoadMethodAttributes (13ms)
				AfterProcessingInitializeOnLoad (22ms)
				EditorAssembliesLoaded (0ms)
			ExecutionOrderSort2 (0ms)
			AwakeInstancesAfterBackupRestoration (32ms)
Platform modules already initialized, skipping
Switching build target platform(19) subTarget(0) extendedPlatform(0) -> platform(13) subTarget(537395200) extendedPlatform(0)
Refreshing native plugins compatible for Editor in 1.54 ms, found 3 plugins.
Preloading 0 native plugins for Editor in 0.00 ms.
Unloading 2101 Unused Serialized files (Serialized files now loaded: 0)
System memory in use before: 97.1 MB.
System memory in use after: 97.2 MB.

Unloading 14 unused Assets to reduce memory usage. Loaded Objects now: 2585.
Total: 7.285100 ms (FindLiveObjects: 0.501200 ms CreateObjectMapping: 0.091700 ms MarkObjects: 6.617700 ms  DeleteObjects: 0.070200 ms)

AssetImportParameters requested are different than current active one (requested -> active):
  custom:framework-win-MediaFoundation: 216162199b28c13a410421893ffa2e32 -> 
  custom:video-decoder-ogg-theora: a1e56fd34408186e4bbccfd4996cb3dc -> 
  custom:container-muxer-webm: aa71ff27fc2769a1b78a27578f13a17b -> 
  custom:container-demuxer-webm: 4f35f7cbe854078d1ac9338744f61a02 -> 
  custom:container-demuxer-ogg: 62fdf1f143b41e24485cea50d1cbac27 -> 
  custom:video-encoder-webm-vp8: eb34c28f22e8b96e1ab97ce403110664 -> 
  custom:video-decoder-webm-vp8: 9c59270c3fd7afecdb556c50c9e8de78 -> 
  custom:graphics/normal-map-encoding: 01000000000000000000000000000000 -> 02000000000000000000000000000000
  custom:audio-decoder-ogg-vorbis: bf7c407c2cedff20999df2af8eb42d56 -> 
  custom:audio-encoder-webm-vorbis: bf7c407c2cedff20999df2af8eb42d56 -> 
========================================================================
Received Prepare
Registering precompiled user dll's ...
Registered in 0.005186 seconds.
Begin MonoManager ReloadAssembly
Native extension for WindowsStandalone target not found
Native extension for WebGL target not found
Refreshing native plugins compatible for Editor in 1.73 ms, found 3 plugins.
Preloading 0 native plugins for Editor in 0.00 ms.
Mono: successfully reloaded assembly
- Completed reload, in  2.600 seconds
Domain Reload Profiling:
	ReloadAssembly (2601ms)
		BeginReloadAssembly (262ms)
			ExecutionOrderSort (0ms)
			DisableScriptedObjects (13ms)
			BackupInstance (0ms)
			ReleaseScriptingObjects (0ms)
			CreateAndSetChildDomain (97ms)
		EndReloadAssembly (2166ms)
			LoadAssemblies (255ms)
			RebuildTransferFunctionScriptingTraits (0ms)
			SetupTypeCache (796ms)
			ReleaseScriptCaches (3ms)
			RebuildScriptCaches (95ms)
			SetupLoadedEditorAssemblies (655ms)
				LogAssemblyErrors (0ms)
				InitializePlatformSupportModulesInManaged (17ms)
				SetLoadedEditorAssemblies (3ms)
				RefreshPlugins (2ms)
				BeforeProcessingInitializeOnLoad (195ms)
				ProcessInitializeOnLoadAttributes (408ms)
				ProcessInitializeOnLoadMethodAttributes (13ms)
				AfterProcessingInitializeOnLoad (16ms)
				EditorAssembliesLoaded (0ms)
			ExecutionOrderSort2 (0ms)
			AwakeInstancesAfterBackupRestoration (23ms)
Platform modules already initialized, skipping
Switching build target platform(19) subTarget(0) extendedPlatform(0) -> platform(13) subTarget(537395200) extendedPlatform(0)
Refreshing native plugins compatible for Editor in 1.38 ms, found 3 plugins.
Preloading 0 native plugins for Editor in 0.00 ms.
Unloading 2101 Unused Serialized files (Serialized files now loaded: 0)
System memory in use before: 97.1 MB.
System memory in use after: 97.2 MB.

Unloading 14 unused Assets to reduce memory usage. Loaded Objects now: 2588.
Total: 10.477600 ms (FindLiveObjects: 0.642700 ms CreateObjectMapping: 0.233800 ms MarkObjects: 9.540300 ms  DeleteObjects: 0.056600 ms)

AssetImportParameters requested are different than current active one (requested -> active):
  custom:framework-win-MediaFoundation: 216162199b28c13a410421893ffa2e32 -> 
  custom:video-decoder-ogg-theora: a1e56fd34408186e4bbccfd4996cb3dc -> 
  custom:container-muxer-webm: aa71ff27fc2769a1b78a27578f13a17b -> 
  custom:container-demuxer-webm: 4f35f7cbe854078d1ac9338744f61a02 -> 
  custom:container-demuxer-ogg: 62fdf1f143b41e24485cea50d1cbac27 -> 
  custom:video-encoder-webm-vp8: eb34c28f22e8b96e1ab97ce403110664 -> 
  custom:video-decoder-webm-vp8: 9c59270c3fd7afecdb556c50c9e8de78 -> 
  custom:graphics/normal-map-encoding: 01000000000000000000000000000000 -> 02000000000000000000000000000000
  custom:audio-decoder-ogg-vorbis: bf7c407c2cedff20999df2af8eb42d56 -> 
  custom:audio-encoder-webm-vorbis: bf7c407c2cedff20999df2af8eb42d56 -> 
========================================================================
Received Import Request.
  Time since last request: 282.059769 seconds.
  path: Assets/Scenes/Level 2.unity
  artifactKey: Guid(8d047ad1f41bacc47980b5ce6bfa7cd6) Importer(815301076,1909f56bfc062723c751e8b465ee728b)
Start importing Assets/Scenes/Level 2.unity using Guid(8d047ad1f41bacc47980b5ce6bfa7cd6) Importer(815301076,1909f56bfc062723c751e8b465ee728b)  -> (artifact id: '8b8b79f6ca77a975f27a07a162e7c81e') in 0.032288 seconds 
  Import took 0.144746 seconds .

========================================================================
Received Import Request.
  Time since last request: 19.995935 seconds.
  path: Assets/Scenes/Level 3.unity
  artifactKey: Guid(8e2b62326a3dc3940a5e44a23f30cfa3) Importer(815301076,1909f56bfc062723c751e8b465ee728b)
Start importing Assets/Scenes/Level 3.unity using Guid(8e2b62326a3dc3940a5e44a23f30cfa3) Importer(815301076,1909f56bfc062723c751e8b465ee728b)  -> (artifact id: 'cec1712ea22d3395987a4fc0b1e7ffe8') in 0.005934 seconds 
  Import took 0.117211 seconds .

========================================================================
Received Import Request.
  Time since last request: 13.389312 seconds.
  path: Assets/Scenes/Level 4.unity
  artifactKey: Guid(c63be0f7cab1b114192b6b01c25ba501) Importer(815301076,1909f56bfc062723c751e8b465ee728b)
Start importing Assets/Scenes/Level 4.unity using Guid(c63be0f7cab1b114192b6b01c25ba501) Importer(815301076,1909f56bfc062723c751e8b465ee728b)  -> (artifact id: '5c0099bdbbf5241d0c71165dbb8f670d') in 0.006030 seconds 
  Import took 0.042052 seconds .

========================================================================
Received Import Request.
  Time since last request: 34.551522 seconds.
  path: Assets/Scenes/Level 6.unity
  artifactKey: Guid(fa0718021aeba014188f01c6d483568a) Importer(815301076,1909f56bfc062723c751e8b465ee728b)
Start importing Assets/Scenes/Level 6.unity using Guid(fa0718021aeba014188f01c6d483568a) Importer(815301076,1909f56bfc062723c751e8b465ee728b)  -> (artifact id: '09b1f12b244c2ab7dce1159ceec6dc2f') in 0.004753 seconds 
  Import took 0.139146 seconds .

========================================================================
Received Import Request.
  Time since last request: 61.457087 seconds.
  path: Assets/Scenes/Level 11.unity
  artifactKey: Guid(b43280459e8d4cf4ca04ad554b6ad0d2) Importer(815301076,1909f56bfc062723c751e8b465ee728b)
Start importing Assets/Scenes/Level 11.unity using Guid(b43280459e8d4cf4ca04ad554b6ad0d2) Importer(815301076,1909f56bfc062723c751e8b465ee728b)  -> (artifact id: '963f17c87140c18241530f1d7b913eef') in 0.005819 seconds 
  Import took 0.120001 seconds .

========================================================================
Received Import Request.
  Time since last request: 3.408816 seconds.
  path: Assets/Scenes/Level 12.unity
  artifactKey: Guid(f0de102dd36a43945af734ba06c751b9) Importer(815301076,1909f56bfc062723c751e8b465ee728b)
Start importing Assets/Scenes/Level 12.unity using Guid(f0de102dd36a43945af734ba06c751b9) Importer(815301076,1909f56bfc062723c751e8b465ee728b)  -> (artifact id: 'e2039990aa2b9d05af751e0b3e3a4657') in 0.007209 seconds 
  Import took 0.120423 seconds .

========================================================================
Received Import Request.
  Time since last request: 3.717772 seconds.
  path: Assets/Scenes/Level 13.unity
  artifactKey: Guid(85bb4abcb583ba9409fe2640634f9600) Importer(815301076,1909f56bfc062723c751e8b465ee728b)
Start importing Assets/Scenes/Level 13.unity using Guid(85bb4abcb583ba9409fe2640634f9600) Importer(815301076,1909f56bfc062723c751e8b465ee728b)  -> (artifact id: '5013085db3595b78f59afaf429060b23') in 0.006966 seconds 
  Import took 0.122335 seconds .

========================================================================
Received Import Request.
  Time since last request: 43.524696 seconds.
  path: Assets/Scenes/Level 1.unity
  artifactKey: Guid(2cda990e2423bbf4892e6590ba056729) Importer(815301076,1909f56bfc062723c751e8b465ee728b)
Start importing Assets/Scenes/Level 1.unity using Guid(2cda990e2423bbf4892e6590ba056729) Importer(815301076,1909f56bfc062723c751e8b465ee728b)  -> (artifact id: 'fb0af06153f08c6000e27e73d8bae097') in 0.008526 seconds 
  Import took 0.135234 seconds .

========================================================================
Received Import Request.
  Time since last request: 5.452392 seconds.
  path: Assets/Scenes/Level 2.unity
  artifactKey: Guid(8d047ad1f41bacc47980b5ce6bfa7cd6) Importer(815301076,1909f56bfc062723c751e8b465ee728b)
Start importing Assets/Scenes/Level 2.unity using Guid(8d047ad1f41bacc47980b5ce6bfa7cd6) Importer(815301076,1909f56bfc062723c751e8b465ee728b)  -> (artifact id: 'd9aa163491573ef577860beeae1b09ab') in 0.005743 seconds 
  Import took 0.116802 seconds .

========================================================================
Received Import Request.
  Time since last request: 131.148872 seconds.
  path: Assets/Scenes/Level 2.unity
  artifactKey: Guid(8d047ad1f41bacc47980b5ce6bfa7cd6) Importer(815301076,1909f56bfc062723c751e8b465ee728b)
Start importing Assets/Scenes/Level 2.unity using Guid(8d047ad1f41bacc47980b5ce6bfa7cd6) Importer(815301076,1909f56bfc062723c751e8b465ee728b)  -> (artifact id: 'ec06699aecac90de8c8d9b4c5350be71') in 0.007362 seconds 
  Import took 0.133790 seconds .

========================================================================
Received Import Request.
  Time since last request: 2.471938 seconds.
  path: Assets/Scenes/Level 3.unity
  artifactKey: Guid(8e2b62326a3dc3940a5e44a23f30cfa3) Importer(815301076,1909f56bfc062723c751e8b465ee728b)
Start importing Assets/Scenes/Level 3.unity using Guid(8e2b62326a3dc3940a5e44a23f30cfa3) Importer(815301076,1909f56bfc062723c751e8b465ee728b)  -> (artifact id: 'd1da40cb014ca9039c465dbf2e3bdcd7') in 0.005997 seconds 
  Import took 0.029696 seconds .

========================================================================
Received Import Request.
  Time since last request: 1.053352 seconds.
  path: Assets/Scenes/Level 4.unity
  artifactKey: Guid(c63be0f7cab1b114192b6b01c25ba501) Importer(815301076,1909f56bfc062723c751e8b465ee728b)
Start importing Assets/Scenes/Level 4.unity using Guid(c63be0f7cab1b114192b6b01c25ba501) Importer(815301076,1909f56bfc062723c751e8b465ee728b)  -> (artifact id: '8ee9506537a6347be7b14e95b3f0be6e') in 0.005170 seconds 
  Import took 0.035476 seconds .

========================================================================
Received Prepare
Registering precompiled user dll's ...
Registered in 0.005561 seconds.
Begin MonoManager ReloadAssembly
Native extension for WindowsStandalone target not found
Native extension for WebGL target not found
Refreshing native plugins compatible for Editor in 1.33 ms, found 3 plugins.
Preloading 0 native plugins for Editor in 0.00 ms.
Mono: successfully reloaded assembly
- Completed reload, in  2.513 seconds
Domain Reload Profiling:
	ReloadAssembly (2514ms)
		BeginReloadAssembly (333ms)
			ExecutionOrderSort (0ms)
			DisableScriptedObjects (21ms)
			BackupInstance (0ms)
			ReleaseScriptingObjects (0ms)
			CreateAndSetChildDomain (103ms)
		EndReloadAssembly (2021ms)
			LoadAssemblies (292ms)
			RebuildTransferFunctionScriptingTraits (0ms)
			SetupTypeCache (692ms)
			ReleaseScriptCaches (2ms)
			RebuildScriptCaches (86ms)
			SetupLoadedEditorAssemblies (660ms)
				LogAssemblyErrors (0ms)
				InitializePlatformSupportModulesInManaged (12ms)
				SetLoadedEditorAssemblies (1ms)
				RefreshPlugins (2ms)
				BeforeProcessingInitializeOnLoad (191ms)
				ProcessInitializeOnLoadAttributes (425ms)
				ProcessInitializeOnLoadMethodAttributes (12ms)
				AfterProcessingInitializeOnLoad (18ms)
				EditorAssembliesLoaded (0ms)
			ExecutionOrderSort2 (0ms)
			AwakeInstancesAfterBackupRestoration (26ms)
Platform modules already initialized, skipping
Switching build target platform(19) subTarget(0) extendedPlatform(0) -> platform(13) subTarget(537395200) extendedPlatform(0)
Refreshing native plugins compatible for Editor in 1.24 ms, found 3 plugins.
Preloading 0 native plugins for Editor in 0.00 ms.
Unloading 2101 Unused Serialized files (Serialized files now loaded: 0)
System memory in use before: 97.1 MB.
System memory in use after: 97.2 MB.

Unloading 14 unused Assets to reduce memory usage. Loaded Objects now: 2591.
Total: 6.758600 ms (FindLiveObjects: 0.536600 ms CreateObjectMapping: 0.089200 ms MarkObjects: 6.085500 ms  DeleteObjects: 0.043800 ms)

AssetImportParameters requested are different than current active one (requested -> active):
  custom:framework-win-MediaFoundation: 216162199b28c13a410421893ffa2e32 -> 
  custom:video-decoder-ogg-theora: a1e56fd34408186e4bbccfd4996cb3dc -> 
  custom:container-muxer-webm: aa71ff27fc2769a1b78a27578f13a17b -> 
  custom:container-demuxer-webm: 4f35f7cbe854078d1ac9338744f61a02 -> 
  custom:container-demuxer-ogg: 62fdf1f143b41e24485cea50d1cbac27 -> 
  custom:video-encoder-webm-vp8: eb34c28f22e8b96e1ab97ce403110664 -> 
  custom:video-decoder-webm-vp8: 9c59270c3fd7afecdb556c50c9e8de78 -> 
  custom:graphics/normal-map-encoding: 01000000000000000000000000000000 -> 02000000000000000000000000000000
  custom:audio-decoder-ogg-vorbis: bf7c407c2cedff20999df2af8eb42d56 -> 
  custom:audio-encoder-webm-vorbis: bf7c407c2cedff20999df2af8eb42d56 -> 
========================================================================
Received Import Request.
  Time since last request: 278.506518 seconds.
  path: Assets/Scenes/Level 5.unity
  artifactKey: Guid(dd147e0aeedffb24182be3fb62320def) Importer(815301076,1909f56bfc062723c751e8b465ee728b)
Start importing Assets/Scenes/Level 5.unity using Guid(dd147e0aeedffb24182be3fb62320def) Importer(815301076,1909f56bfc062723c751e8b465ee728b)  -> (artifact id: 'f1cb3b2780373a4901fc42083ecce328') in 0.028209 seconds 
  Import took 0.060172 seconds .

========================================================================
Received Import Request.
  Time since last request: 68.929054 seconds.
  path: Assets/Scenes/Level 6.unity
  artifactKey: Guid(fa0718021aeba014188f01c6d483568a) Importer(815301076,1909f56bfc062723c751e8b465ee728b)
Start importing Assets/Scenes/Level 6.unity using Guid(fa0718021aeba014188f01c6d483568a) Importer(815301076,1909f56bfc062723c751e8b465ee728b)  -> (artifact id: 'bde533d4a71ec0f022a704b7da3baaa7') in 0.007012 seconds 
  Import took 0.126295 seconds .

========================================================================
Received Import Request.
  Time since last request: 15.250819 seconds.
  path: Assets/Scenes/Level 7.unity
  artifactKey: Guid(e3d3e0ffe2f2fde4c869df580f7c87de) Importer(815301076,1909f56bfc062723c751e8b465ee728b)
Start importing Assets/Scenes/Level 7.unity using Guid(e3d3e0ffe2f2fde4c869df580f7c87de) Importer(815301076,1909f56bfc062723c751e8b465ee728b)  -> (artifact id: 'b898e7978f4115836c32e2c4155f81b9') in 0.005275 seconds 
  Import took 0.122032 seconds .

========================================================================
Received Import Request.
  Time since last request: 3.477430 seconds.
  path: Assets/Scenes/Level 6.unity
  artifactKey: Guid(fa0718021aeba014188f01c6d483568a) Importer(815301076,1909f56bfc062723c751e8b465ee728b)
Start importing Assets/Scenes/Level 6.unity using Guid(fa0718021aeba014188f01c6d483568a) Importer(815301076,1909f56bfc062723c751e8b465ee728b)  -> (artifact id: '2527e40c116f1fae8d12d45c222a981a') in 0.006442 seconds 
  Import took 0.120115 seconds .

========================================================================
Received Import Request.
  Time since last request: 24.830516 seconds.
  path: Assets/Scenes/Level 8.unity
  artifactKey: Guid(51dea7b99ee4e3b459ace3c8061fb8af) Importer(815301076,1909f56bfc062723c751e8b465ee728b)
Start importing Assets/Scenes/Level 8.unity using Guid(51dea7b99ee4e3b459ace3c8061fb8af) Importer(815301076,1909f56bfc062723c751e8b465ee728b)  -> (artifact id: 'a0bf652b7da40f7da0f5e989159e5eac') in 0.007606 seconds 
  Import took 0.120012 seconds .

========================================================================
Received Import Request.
  Time since last request: 15.145169 seconds.
  path: Assets/Scenes/Level 9.unity
  artifactKey: Guid(4df0ba1a784737c4db50fde625125375) Importer(815301076,1909f56bfc062723c751e8b465ee728b)
Start importing Assets/Scenes/Level 9.unity using Guid(4df0ba1a784737c4db50fde625125375) Importer(815301076,1909f56bfc062723c751e8b465ee728b)  -> (artifact id: 'baf8e525e7d7806d1f1d4eefff804ec9') in 0.007562 seconds 
  Import took 0.029785 seconds .

========================================================================
Received Import Request.
  Time since last request: 50.838413 seconds.
  path: Assets/Scenes/Level 10.unity
  artifactKey: Guid(1f8d5a656adc58d4f9f35199fc4b3f18) Importer(815301076,1909f56bfc062723c751e8b465ee728b)
Start importing Assets/Scenes/Level 10.unity using Guid(1f8d5a656adc58d4f9f35199fc4b3f18) Importer(815301076,1909f56bfc062723c751e8b465ee728b)  -> (artifact id: '5456a27d01265992860b56cbd1ff6d61') in 0.007194 seconds 
  Import took 0.015057 seconds .

========================================================================
Received Import Request.
  Time since last request: 5.519422 seconds.
  path: Assets/Scenes/Level 11.unity
  artifactKey: Guid(b43280459e8d4cf4ca04ad554b6ad0d2) Importer(815301076,1909f56bfc062723c751e8b465ee728b)
Start importing Assets/Scenes/Level 11.unity using Guid(b43280459e8d4cf4ca04ad554b6ad0d2) Importer(815301076,1909f56bfc062723c751e8b465ee728b)  -> (artifact id: '5c4a745e0221abdfaed5905b3bce809e') in 0.006656 seconds 
  Import took 0.022983 seconds .

========================================================================
Received Import Request.
  Time since last request: 9.493525 seconds.
  path: Assets/Scenes/Level 12.unity
  artifactKey: Guid(f0de102dd36a43945af734ba06c751b9) Importer(815301076,1909f56bfc062723c751e8b465ee728b)
Start importing Assets/Scenes/Level 12.unity using Guid(f0de102dd36a43945af734ba06c751b9) Importer(815301076,1909f56bfc062723c751e8b465ee728b)  -> (artifact id: '6cb89a58d7c14cc1f6f87ae519d74456') in 0.009260 seconds 
  Import took 0.018412 seconds .

========================================================================
Received Import Request.
  Time since last request: 62.085585 seconds.
  path: Assets/Scenes/Level 14.unity
  artifactKey: Guid(601237ff83d94134baa562adcf3de994) Importer(815301076,1909f56bfc062723c751e8b465ee728b)
Start importing Assets/Scenes/Level 14.unity using Guid(601237ff83d94134baa562adcf3de994) Importer(815301076,1909f56bfc062723c751e8b465ee728b)  -> (artifact id: '4fc096b1138965d1681b9c95d6a11e58') in 0.005979 seconds 
  Import took 0.118685 seconds .

========================================================================
Received Import Request.
  Time since last request: 20.937027 seconds.
  path: Assets/Scenes/Level 15.unity
  artifactKey: Guid(405c748d89057d34bb5379bc1aaaf677) Importer(815301076,1909f56bfc062723c751e8b465ee728b)
Start importing Assets/Scenes/Level 15.unity using Guid(405c748d89057d34bb5379bc1aaaf677) Importer(815301076,1909f56bfc062723c751e8b465ee728b)  -> (artifact id: 'cdb22db32ca3611bab8ee705dbb86717') in 0.007576 seconds 
  Import took 0.015491 seconds .

========================================================================
Received Import Request.
  Time since last request: 17.655633 seconds.
  path: Assets/Scenes/Level 16.unity
  artifactKey: Guid(f7643bd9838fdf548a9b3def1bb4622e) Importer(815301076,1909f56bfc062723c751e8b465ee728b)
Start importing Assets/Scenes/Level 16.unity using Guid(f7643bd9838fdf548a9b3def1bb4622e) Importer(815301076,1909f56bfc062723c751e8b465ee728b)  -> (artifact id: 'e745fbb4f7fe9e6555701627bb8e5979') in 0.007035 seconds 
  Import took 0.033151 seconds .

========================================================================
Received Import Request.
  Time since last request: 12.488743 seconds.
  path: Assets/Scenes/Level 17.unity
  artifactKey: Guid(d26fee0fffb34814b9e811274565e9f0) Importer(815301076,1909f56bfc062723c751e8b465ee728b)
Start importing Assets/Scenes/Level 17.unity using Guid(d26fee0fffb34814b9e811274565e9f0) Importer(815301076,1909f56bfc062723c751e8b465ee728b)  -> (artifact id: 'e97ab88b133635a225f5dfa55a7f92d2') in 0.007177 seconds 
  Import took 0.124355 seconds .

========================================================================
Received Import Request.
  Time since last request: 13.774550 seconds.
  path: Assets/Scenes/Level 18.unity
  artifactKey: Guid(0587ea899a6d9c4419fe5157689af08f) Importer(815301076,1909f56bfc062723c751e8b465ee728b)
Start importing Assets/Scenes/Level 18.unity using Guid(0587ea899a6d9c4419fe5157689af08f) Importer(815301076,1909f56bfc062723c751e8b465ee728b)  -> (artifact id: 'f978d50d0d8e1fb06cf1b3f3344f9a57') in 0.006812 seconds 
  Import took 0.018610 seconds .

========================================================================
Received Import Request.
  Time since last request: 14.437924 seconds.
  path: Assets/Scenes/Level 19.unity
  artifactKey: Guid(8ecad8475c0c0ad4c900fdeeb14130b6) Importer(815301076,1909f56bfc062723c751e8b465ee728b)
Start importing Assets/Scenes/Level 19.unity using Guid(8ecad8475c0c0ad4c900fdeeb14130b6) Importer(815301076,1909f56bfc062723c751e8b465ee728b)  -> (artifact id: '0ffa33ac6fe8c696f2acd88efe513b85') in 0.006731 seconds 
  Import took 0.015965 seconds .

========================================================================
Received Import Request.
  Time since last request: 12.829411 seconds.
  path: Assets/Scenes/Level 20.unity
  artifactKey: Guid(d34b81e4065dd2649ac688f0fbe5215e) Importer(815301076,1909f56bfc062723c751e8b465ee728b)
Start importing Assets/Scenes/Level 20.unity using Guid(d34b81e4065dd2649ac688f0fbe5215e) Importer(815301076,1909f56bfc062723c751e8b465ee728b)  -> (artifact id: '4e76bf9851c49512ab23fe1bd83a8359') in 0.006831 seconds 
  Import took 0.116902 seconds .

========================================================================
Received Import Request.
  Time since last request: 13.965981 seconds.
  path: Assets/Scenes/Level 21.unity
  artifactKey: Guid(5aff39455616398438d7d20b09eca2af) Importer(815301076,1909f56bfc062723c751e8b465ee728b)
Start importing Assets/Scenes/Level 21.unity using Guid(5aff39455616398438d7d20b09eca2af) Importer(815301076,1909f56bfc062723c751e8b465ee728b)  -> (artifact id: '34b3520866932d56945bb971042c6ce4') in 0.007119 seconds 
  Import took 0.015290 seconds .

========================================================================
Received Import Request.
  Time since last request: 15.494217 seconds.
  path: Assets/Scenes/Level 22.unity
  artifactKey: Guid(f4b3331f727a31b418ca145a3ce184a5) Importer(815301076,1909f56bfc062723c751e8b465ee728b)
Start importing Assets/Scenes/Level 22.unity using Guid(f4b3331f727a31b418ca145a3ce184a5) Importer(815301076,1909f56bfc062723c751e8b465ee728b)  -> (artifact id: 'f09a1283366fb16f4365be76f8541295') in 0.007288 seconds 
  Import took 0.132295 seconds .

========================================================================
Received Import Request.
  Time since last request: 22.234803 seconds.
  path: Assets/Scenes/Level 23.unity
  artifactKey: Guid(7648c23bdc09447448b83aecb2849942) Importer(815301076,1909f56bfc062723c751e8b465ee728b)
Start importing Assets/Scenes/Level 23.unity using Guid(7648c23bdc09447448b83aecb2849942) Importer(815301076,1909f56bfc062723c751e8b465ee728b)  -> (artifact id: '652530982feb1dd66e145e893162aba4') in 0.006394 seconds 
  Import took 0.140869 seconds .

========================================================================
Received Import Request.
  Time since last request: 15.315440 seconds.
  path: Assets/Scenes/Level 24.unity
  artifactKey: Guid(9ec7f46e868ba7949bd81bcbe41cb834) Importer(815301076,1909f56bfc062723c751e8b465ee728b)
Start importing Assets/Scenes/Level 24.unity using Guid(9ec7f46e868ba7949bd81bcbe41cb834) Importer(815301076,1909f56bfc062723c751e8b465ee728b)  -> (artifact id: '41f7d4857825ee8f37b31db889346d41') in 0.006932 seconds 
  Import took 0.123790 seconds .

========================================================================
Received Import Request.
  Time since last request: 13.838447 seconds.
  path: Assets/Scenes/Level 25.unity
  artifactKey: Guid(a4e2530c481674049a052910554a5001) Importer(815301076,1909f56bfc062723c751e8b465ee728b)
Start importing Assets/Scenes/Level 25.unity using Guid(a4e2530c481674049a052910554a5001) Importer(815301076,1909f56bfc062723c751e8b465ee728b)  -> (artifact id: '2d33d5f2164ee5a9d4325ef38165c8a8') in 0.007260 seconds 
  Import took 0.116526 seconds .

========================================================================
Received Import Request.
  Time since last request: 13.790343 seconds.
  path: Assets/Scenes/Level 26.unity
  artifactKey: Guid(9a2a30a24323cf4499465c6fd38a3c98) Importer(815301076,1909f56bfc062723c751e8b465ee728b)
Start importing Assets/Scenes/Level 26.unity using Guid(9a2a30a24323cf4499465c6fd38a3c98) Importer(815301076,1909f56bfc062723c751e8b465ee728b)  -> (artifact id: 'db42d7d48e9f00125a3834ec36490103') in 0.008400 seconds 
  Import took 0.047649 seconds .

AssetImportWorkerClient::OnTransportError - code=2 error=End of file
