Using pre-set license
Built from '2020.3/staging' branch; Version is '2020.3.20f1 (41c4e627c95f) revision 4310246'; Using compiler version '192528614'; Build Type 'Release'
OS: 'Windows 10 Home Single Language; OS build 19041.1288; Version 2004; 64bit' Language: 'en' Physical Memory: 3863 MB
BatchMode: 1, IsHumanControllingUs: 0, StartBugReporterOnCrash: 0, Is64bit: 1, IsPro: 0

COMMAND LINE ARGUMENTS:
C:\Program Files\Unity\Hub\Editor\2020.3.20f1\Editor\Unity.exe
-adb2
-batchMode
-noUpm
-name
AssetImportWorker3
-projectPath
D:/Unity/Archery-Game
-logFile
Logs/AssetImportWorker3.log
-srvPort
52213
Successfully changed project path to: D:/Unity/Archery-Game
D:/Unity/Archery-Game
Using Asset Import Pipeline V2.
Refreshing native plugins compatible for Editor in 112.73 ms, found 3 plugins.
Preloading 0 native plugins for Editor in 0.00 ms.
Initialize engine version: 2020.3.20f1 (41c4e627c95f)
[Subsystems] Discovering subsystems at path C:/Program Files/Unity/Hub/Editor/2020.3.20f1/Editor/Data/Resources/UnitySubsystems
[Subsystems] Discovering subsystems at path D:/Unity/Archery-Game/Assets
GfxDevice: creating device client; threaded=0
Direct3D:
    Version:  Direct3D 11.0 [level 11.1]
    Renderer: Intel(R) UHD Graphics (ID=0x8a56)
    Vendor:   
    VRAM:     1931 MB
    Driver:   27.20.100.9365
Initialize mono
Mono path[0] = 'C:/Program Files/Unity/Hub/Editor/2020.3.20f1/Editor/Data/Managed'
Mono path[1] = 'C:/Program Files/Unity/Hub/Editor/2020.3.20f1/Editor/Data/MonoBleedingEdge/lib/mono/unityjit'
Mono config path = 'C:/Program Files/Unity/Hub/Editor/2020.3.20f1/Editor/Data/MonoBleedingEdge/etc'
Using monoOptions --debugger-agent=transport=dt_socket,embedding=1,server=y,suspend=n,address=127.0.0.1:56400
Begin MonoManager ReloadAssembly
Registering precompiled unity dll's ...
Register platform support module: C:/Program Files/Unity/Hub/Editor/2020.3.20f1/Editor/Data/PlaybackEngines/WebGLSupport/UnityEditor.WebGL.Extensions.dll
Register platform support module: C:/Program Files/Unity/Hub/Editor/2020.3.20f1/Editor/Data/PlaybackEngines/WindowsStandaloneSupport/UnityEditor.WindowsStandalone.Extensions.dll
Registered in 0.005433 seconds.
Native extension for WindowsStandalone target not found
Native extension for WebGL target not found
Refreshing native plugins compatible for Editor in 113.65 ms, found 3 plugins.
Preloading 0 native plugins for Editor in 0.00 ms.
Mono: successfully reloaded assembly
- Completed reload, in  4.617 seconds
Domain Reload Profiling:
	ReloadAssembly (4617ms)
		BeginReloadAssembly (120ms)
			ExecutionOrderSort (0ms)
			DisableScriptedObjects (0ms)
			BackupInstance (0ms)
			ReleaseScriptingObjects (0ms)
			CreateAndSetChildDomain (1ms)
		EndReloadAssembly (1008ms)
			LoadAssemblies (115ms)
			RebuildTransferFunctionScriptingTraits (0ms)
			SetupTypeCache (364ms)
			ReleaseScriptCaches (0ms)
			RebuildScriptCaches (66ms)
			SetupLoadedEditorAssemblies (424ms)
				LogAssemblyErrors (0ms)
				InitializePlatformSupportModulesInManaged (11ms)
				SetLoadedEditorAssemblies (1ms)
				RefreshPlugins (114ms)
				BeforeProcessingInitializeOnLoad (28ms)
				ProcessInitializeOnLoadAttributes (205ms)
				ProcessInitializeOnLoadMethodAttributes (65ms)
				AfterProcessingInitializeOnLoad (0ms)
				EditorAssembliesLoaded (0ms)
			ExecutionOrderSort2 (0ms)
			AwakeInstancesAfterBackupRestoration (0ms)
Platform modules already initialized, skipping
Registering precompiled user dll's ...
Registered in 0.006540 seconds.
Begin MonoManager ReloadAssembly
Native extension for WindowsStandalone target not found
Native extension for WebGL target not found
Refreshing native plugins compatible for Editor in 104.34 ms, found 3 plugins.
Preloading 0 native plugins for Editor in 0.00 ms.
Mono: successfully reloaded assembly
- Completed reload, in  3.305 seconds
Domain Reload Profiling:
	ReloadAssembly (3310ms)
		BeginReloadAssembly (325ms)
			ExecutionOrderSort (0ms)
			DisableScriptedObjects (10ms)
			BackupInstance (0ms)
			ReleaseScriptingObjects (0ms)
			CreateAndSetChildDomain (40ms)
		EndReloadAssembly (2843ms)
			LoadAssemblies (885ms)
			RebuildTransferFunctionScriptingTraits (0ms)
			SetupTypeCache (675ms)
			ReleaseScriptCaches (1ms)
			RebuildScriptCaches (103ms)
			SetupLoadedEditorAssemblies (926ms)
				LogAssemblyErrors (0ms)
				InitializePlatformSupportModulesInManaged (11ms)
				SetLoadedEditorAssemblies (0ms)
				RefreshPlugins (104ms)
				BeforeProcessingInitializeOnLoad (222ms)
				ProcessInitializeOnLoadAttributes (533ms)
				ProcessInitializeOnLoadMethodAttributes (37ms)
				AfterProcessingInitializeOnLoad (18ms)
				EditorAssembliesLoaded (0ms)
			ExecutionOrderSort2 (0ms)
			AwakeInstancesAfterBackupRestoration (16ms)
Platform modules already initialized, skipping
========================================================================
Worker process is ready to serve import requests
Launched and connected shader compiler UnityShaderCompiler.exe after 0.20 seconds
Refreshing native plugins compatible for Editor in 0.87 ms, found 3 plugins.
Preloading 0 native plugins for Editor in 0.00 ms.
Unloading 2116 Unused Serialized files (Serialized files now loaded: 0)
System memory in use before: 95.7 MB.
System memory in use after: 95.8 MB.

Unloading 26 unused Assets to reduce memory usage. Loaded Objects now: 2557.
Total: 11.418600 ms (FindLiveObjects: 0.259300 ms CreateObjectMapping: 0.110800 ms MarkObjects: 9.805800 ms  DeleteObjects: 1.239800 ms)

AssetImportParameters requested are different than current active one (requested -> active):
  custom:framework-win-MediaFoundation: 216162199b28c13a410421893ffa2e32 -> 
  custom:video-decoder-ogg-theora: a1e56fd34408186e4bbccfd4996cb3dc -> 
  custom:container-muxer-webm: aa71ff27fc2769a1b78a27578f13a17b -> 
  custom:container-demuxer-webm: 4f35f7cbe854078d1ac9338744f61a02 -> 
  custom:container-demuxer-ogg: 62fdf1f143b41e24485cea50d1cbac27 -> 
  custom:video-encoder-webm-vp8: eb34c28f22e8b96e1ab97ce403110664 -> 
  custom:video-codec-MediaFoundation-h265: 746d11721c4dcdbdad8f713fa42b33f4 -> 
  custom:video-decoder-webm-vp8: 9c59270c3fd7afecdb556c50c9e8de78 -> 
  custom:audio-decoder-ogg-vorbis: bf7c407c2cedff20999df2af8eb42d56 -> 
  custom:audio-encoder-webm-vorbis: bf7c407c2cedff20999df2af8eb42d56 -> 
========================================================================
Received Import Request.
  path: Assets/UI/LevelNo.png
  artifactKey: Guid(62e519417f2f4644ba24b14815e2eec2) Importer(815301076,1909f56bfc062723c751e8b465ee728b)
Start importing Assets/UI/LevelNo.png using Guid(62e519417f2f4644ba24b14815e2eec2) Importer(815301076,1909f56bfc062723c751e8b465ee728b)  -> (artifact id: 'a4f539b2c4fea5edd074882f8b08ebed') in 0.387686 seconds 
  Import took 0.412598 seconds .

========================================================================
Received Import Request.
  Time since last request: 0.000455 seconds.
  path: Assets/UI/exit.png
  artifactKey: Guid(2942005ea4e5e714a9812af74fd24ba0) Importer(815301076,1909f56bfc062723c751e8b465ee728b)
Start importing Assets/UI/exit.png using Guid(2942005ea4e5e714a9812af74fd24ba0) Importer(815301076,1909f56bfc062723c751e8b465ee728b)  -> (artifact id: '034a00f730185a7190576a5230effcb2') in 0.144887 seconds 
  Import took 0.195397 seconds .

========================================================================
Received Import Request.
  Time since last request: 0.001538 seconds.
  path: Assets/UI/small pane.png
  artifactKey: Guid(70cebd98d26c6454f811275361028fa9) Importer(815301076,1909f56bfc062723c751e8b465ee728b)
Start importing Assets/UI/small pane.png using Guid(70cebd98d26c6454f811275361028fa9) Importer(815301076,1909f56bfc062723c751e8b465ee728b)  -> (artifact id: '65636ccb89980838bbd7936dea371eec') in 0.058575 seconds 
  Import took 0.111573 seconds .

========================================================================
Received Import Request.
  Time since last request: 0.001589 seconds.
  path: Assets/UI/LevelSelectionPanel.png
  artifactKey: Guid(e88d951ee58255d4e9b5dc6e27e6021c) Importer(815301076,1909f56bfc062723c751e8b465ee728b)
Start importing Assets/UI/LevelSelectionPanel.png using Guid(e88d951ee58255d4e9b5dc6e27e6021c) Importer(815301076,1909f56bfc062723c751e8b465ee728b)  -> (artifact id: 'c5e85bbc4e6a624ef4b6193642e511cc') in 0.209434 seconds 
  Import took 0.240496 seconds .

========================================================================
Received Import Request.
  Time since last request: 384.701360 seconds.
  path: Assets/UI/menu.png
  artifactKey: Guid(8e91e3267ced9324d88f0017b639720d) Importer(815301076,1909f56bfc062723c751e8b465ee728b)
Start importing Assets/UI/menu.png using Guid(8e91e3267ced9324d88f0017b639720d) Importer(815301076,1909f56bfc062723c751e8b465ee728b)  -> (artifact id: '2b5313bfd3d3d603576ae15608aa9fc6') in 0.168974 seconds 
  Import took 0.483158 seconds .

========================================================================
Received Import Request.
  Time since last request: 50.721339 seconds.
  path: Assets/UI/levelNo.png
  artifactKey: Guid(62e519417f2f4644ba24b14815e2eec2) Importer(815301076,1909f56bfc062723c751e8b465ee728b)
Start importing Assets/UI/levelNo.png using Guid(62e519417f2f4644ba24b14815e2eec2) Importer(815301076,1909f56bfc062723c751e8b465ee728b)  -> (artifact id: '7eef1979a22f8d53cc1944fa2df6bb98') in 0.057579 seconds 
  Import took 0.090605 seconds .

AssetImportWorkerClient::OnTransportError - code=2 error=End of file
